<?xml version="1.0" encoding="UTF-8"?>
<!-- Generated by org.testng.reporters.JUnitXMLReporter -->
<testsuite hostname="DEVICE-X510UQR" ignored="0" name="Surefire test" tests="2" failures="0" timestamp="30 Apr 2021 13:33:10 GMT" time="44.808" errors="0">
  <testcase name="incorrectPasswordTest" time="21.044" classname="com.herokuapp.theinternet.NegitiveTest"/>
  <testcase name="incorrectUsernameTest" time="23.706" classname="com.herokuapp.theinternet.NegitiveTest"/>
</testsuite> <!-- Surefire test -->
