<?xml version="1.0" encoding="UTF-8"?>
<!-- Generated by org.testng.reporters.JUnitXMLReporter -->
<testsuite ignored="0" hostname="DEVICE-X510UQR" failures="0" tests="2" name="NegitiveTests" time="34.692" errors="0" timestamp="30 Apr 2021 07:39:14 GMT">
  <testcase classname="com.herokuapp.theinternet.NegitiveTest" name="incorrectPasswordTest" time="19.833"/>
  <testcase classname="com.herokuapp.theinternet.NegitiveTest" name="incorrectUsernameTest" time="14.849"/>
</testsuite> <!-- NegitiveTests -->
